<?xml version="1.0" encoding="UTF-8"?>
<!-- Generated by org.testng.reporters.JUnitReportReporter -->
<testsuite hostname="DESKTOP-JCNP4KB" failures="0" tests="1" name="com.test.LoginTest" time="168.945" errors="0" timestamp="2025-10-15T10:36:43 IST" skipped="0">
  <testcase classname="com.test.LoginTest" name="testValidLogin" time="168.945"/>
</testsuite> <!-- com.test.LoginTest -->
